<?xml version="1.0" encoding="UTF-8"?>
<!-- Generated by org.testng.reporters.JUnitReportReporter -->
<testsuite hostname="IMPETUS-NL235" failures="0" tests="1" name="SumValidation" time="2.736" errors="0" timestamp="2021-06-30T19:06:18 IST" skipped="0">
  <testcase classname="SumValidation" name="sumOfCourses" time="2.736"/>
  <system-out/>
</testsuite> <!-- SumValidation -->
