<?xml version="1.0" encoding="UTF-8"?>
<!-- Generated by org.testng.reporters.JUnitReportReporter -->
<testsuite hostname="IMPETUS-NL235" failures="0" tests="3" name="files.Dynamicjson" time="4.864" errors="0" timestamp="2021-06-30T20:46:41 IST" skipped="0">
  <testcase classname="files.Dynamicjson" name="addBook" time="0.220"/>
  <system-out/>
  <testcase classname="files.Dynamicjson" name="addBook" time="0.278"/>
  <system-out/>
  <testcase classname="files.Dynamicjson" name="addBook" time="4.366"/>
  <system-out/>
</testsuite> <!-- files.Dynamicjson -->
